<?xml version="1.0" encoding="UTF-8"?>
<testng-results skipped="1" failed="1" ignored="0" total="5" passed="3">
  <reporter-output>
  </reporter-output>
  <suite name="Suite" duration-ms="25986" started-at="2018-03-20T04:45:17Z" finished-at="2018-03-20T04:45:43Z">
    <groups>
    </groups>
    <test name="Test" duration-ms="25986" started-at="2018-03-20T04:45:17Z" finished-at="2018-03-20T04:45:43Z">
      <class name="testcases.ExecuteTestThroughTestNG">
        <test-method status="PASS" signature="setUp(java.lang.String)[pri:0, instance:testcases.ExecuteTestThroughTestNG@262b2c86]" name="setUp" is-config="true" duration-ms="4983" started-at="2018-03-20T04:45:17Z" finished-at="2018-03-20T04:45:22Z">
          <params>
            <param index="0">
              <value>
                <![CDATA[chrome]]>
              </value>
            </param>
          </params>
          <reporter-output>
          </reporter-output>
        </test-method> <!-- setUp -->
        <test-method status="PASS" signature="launchFlightReservationApplication()[pri:0, instance:testcases.ExecuteTestThroughTestNG@262b2c86]" name="launchFlightReservationApplication" duration-ms="5173" started-at="2018-03-20T04:45:22Z" finished-at="2018-03-20T04:45:27Z">
          <reporter-output>
          </reporter-output>
        </test-method> <!-- launchFlightReservationApplication -->
        <test-method status="PASS" signature="generateReport(org.testng.ITestResult)[pri:0, instance:testcases.ExecuteTestThroughTestNG@262b2c86]" name="generateReport" is-config="true" duration-ms="2" started-at="2018-03-20T04:45:27Z" finished-at="2018-03-20T04:45:27Z">
          <params>
            <param index="0">
              <value>
                <![CDATA[[TestResult name=launchFlightReservationApplication status=SUCCESS method=ExecuteTestThroughTestNG.launchFlightReservationApplication()[pri:0, instance:testcases.ExecuteTestThroughTestNG@262b2c86] output={null}]]]>
              </value>
            </param>
          </params>
          <reporter-output>
          </reporter-output>
        </test-method> <!-- generateReport -->
        <test-method status="PASS" signature="loginToFlightReservation()[pri:1, instance:testcases.ExecuteTestThroughTestNG@262b2c86]" name="loginToFlightReservation" duration-ms="7974" started-at="2018-03-20T04:45:27Z" finished-at="2018-03-20T04:45:35Z">
          <reporter-output>
          </reporter-output>
        </test-method> <!-- loginToFlightReservation -->
        <test-method status="PASS" signature="generateReport(org.testng.ITestResult)[pri:0, instance:testcases.ExecuteTestThroughTestNG@262b2c86]" name="generateReport" is-config="true" duration-ms="0" started-at="2018-03-20T04:45:35Z" finished-at="2018-03-20T04:45:35Z">
          <params>
            <param index="0">
              <value>
                <![CDATA[[TestResult name=loginToFlightReservation status=SUCCESS method=ExecuteTestThroughTestNG.loginToFlightReservation()[pri:1, instance:testcases.ExecuteTestThroughTestNG@262b2c86] output={null}]]]>
              </value>
            </param>
          </params>
          <reporter-output>
          </reporter-output>
        </test-method> <!-- generateReport -->
        <test-method status="PASS" signature="bookATicket()[pri:2, instance:testcases.ExecuteTestThroughTestNG@262b2c86]" name="bookATicket" duration-ms="6544" started-at="2018-03-20T04:45:35Z" finished-at="2018-03-20T04:45:42Z">
          <reporter-output>
          </reporter-output>
        </test-method> <!-- bookATicket -->
        <test-method status="PASS" signature="generateReport(org.testng.ITestResult)[pri:0, instance:testcases.ExecuteTestThroughTestNG@262b2c86]" name="generateReport" is-config="true" duration-ms="1" started-at="2018-03-20T04:45:42Z" finished-at="2018-03-20T04:45:42Z">
          <params>
            <param index="0">
              <value>
                <![CDATA[[TestResult name=bookATicket status=SUCCESS method=ExecuteTestThroughTestNG.bookATicket()[pri:2, instance:testcases.ExecuteTestThroughTestNG@262b2c86] output={null}]]]>
              </value>
            </param>
          </params>
          <reporter-output>
          </reporter-output>
        </test-method> <!-- generateReport -->
        <test-method status="FAIL" signature="testFail()[pri:3, instance:testcases.ExecuteTestThroughTestNG@262b2c86]" name="testFail" duration-ms="5" started-at="2018-03-20T04:45:42Z" finished-at="2018-03-20T04:45:42Z">
          <exception class="java.lang.AssertionError">
            <message>
              <![CDATA[expected [true] but found [false]]]>
            </message>
            <full-stacktrace>
              <![CDATA[java.lang.AssertionError: expected [true] but found [false]
at org.testng.Assert.fail(Assert.java:96)
at org.testng.Assert.failNotEquals(Assert.java:776)
at org.testng.Assert.assertTrue(Assert.java:44)
at org.testng.Assert.assertTrue(Assert.java:54)
at testcases.ExecuteTestThroughTestNG.testFail(ExecuteTestThroughTestNG.java:167)
at sun.reflect.NativeMethodAccessorImpl.invoke0(Native Method)
at sun.reflect.NativeMethodAccessorImpl.invoke(Unknown Source)
at sun.reflect.DelegatingMethodAccessorImpl.invoke(Unknown Source)
at java.lang.reflect.Method.invoke(Unknown Source)
at org.testng.internal.MethodInvocationHelper.invokeMethod(MethodInvocationHelper.java:124)
at org.testng.internal.Invoker.invokeMethod(Invoker.java:580)
at org.testng.internal.Invoker.invokeTestMethod(Invoker.java:716)
at org.testng.internal.Invoker.invokeTestMethods(Invoker.java:988)
at org.testng.internal.TestMethodWorker.invokeTestMethods(TestMethodWorker.java:125)
at org.testng.internal.TestMethodWorker.run(TestMethodWorker.java:109)
at org.testng.TestRunner.privateRun(TestRunner.java:648)
at org.testng.TestRunner.run(TestRunner.java:505)
at org.testng.SuiteRunner.runTest(SuiteRunner.java:455)
at org.testng.SuiteRunner.runSequentially(SuiteRunner.java:450)
at org.testng.SuiteRunner.privateRun(SuiteRunner.java:415)
at org.testng.SuiteRunner.run(SuiteRunner.java:364)
at org.testng.SuiteRunnerWorker.runSuite(SuiteRunnerWorker.java:52)
at org.testng.SuiteRunnerWorker.run(SuiteRunnerWorker.java:84)
at org.testng.TestNG.runSuitesSequentially(TestNG.java:1208)
at org.testng.TestNG.runSuitesLocally(TestNG.java:1137)
at org.testng.TestNG.runSuites(TestNG.java:1049)
at org.testng.TestNG.run(TestNG.java:1017)
at org.testng.remote.AbstractRemoteTestNG.run(AbstractRemoteTestNG.java:114)
at org.testng.remote.RemoteTestNG.initAndRun(RemoteTestNG.java:251)
at org.testng.remote.RemoteTestNG.main(RemoteTestNG.java:77)
]]>
            </full-stacktrace>
          </exception> <!-- java.lang.AssertionError -->
          <reporter-output>
          </reporter-output>
        </test-method> <!-- testFail -->
        <test-method status="PASS" signature="generateReport(org.testng.ITestResult)[pri:0, instance:testcases.ExecuteTestThroughTestNG@262b2c86]" name="generateReport" is-config="true" duration-ms="2" started-at="2018-03-20T04:45:42Z" finished-at="2018-03-20T04:45:42Z">
          <params>
            <param index="0">
              <value>
                <![CDATA[[TestResult name=testFail status=FAILURE method=ExecuteTestThroughTestNG.testFail()[pri:3, instance:testcases.ExecuteTestThroughTestNG@262b2c86] output={null}]]]>
              </value>
            </param>
          </params>
          <reporter-output>
          </reporter-output>
        </test-method> <!-- generateReport -->
        <test-method status="SKIP" signature="testSkip()[pri:4, instance:testcases.ExecuteTestThroughTestNG@262b2c86]" name="testSkip" duration-ms="7" started-at="2018-03-20T04:45:42Z" finished-at="2018-03-20T04:45:42Z">
          <exception class="org.testng.SkipException">
            <message>
              <![CDATA[Not ready to be executed]]>
            </message>
            <full-stacktrace>
              <![CDATA[org.testng.SkipException: Not ready to be executed
at testcases.ExecuteTestThroughTestNG.testSkip(ExecuteTestThroughTestNG.java:173)
at sun.reflect.NativeMethodAccessorImpl.invoke0(Native Method)
at sun.reflect.NativeMethodAccessorImpl.invoke(Unknown Source)
at sun.reflect.DelegatingMethodAccessorImpl.invoke(Unknown Source)
at java.lang.reflect.Method.invoke(Unknown Source)
at org.testng.internal.MethodInvocationHelper.invokeMethod(MethodInvocationHelper.java:124)
at org.testng.internal.Invoker.invokeMethod(Invoker.java:580)
at org.testng.internal.Invoker.invokeTestMethod(Invoker.java:716)
at org.testng.internal.Invoker.invokeTestMethods(Invoker.java:988)
at org.testng.internal.TestMethodWorker.invokeTestMethods(TestMethodWorker.java:125)
at org.testng.internal.TestMethodWorker.run(TestMethodWorker.java:109)
at org.testng.TestRunner.privateRun(TestRunner.java:648)
at org.testng.TestRunner.run(TestRunner.java:505)
at org.testng.SuiteRunner.runTest(SuiteRunner.java:455)
at org.testng.SuiteRunner.runSequentially(SuiteRunner.java:450)
at org.testng.SuiteRunner.privateRun(SuiteRunner.java:415)
at org.testng.SuiteRunner.run(SuiteRunner.java:364)
at org.testng.SuiteRunnerWorker.runSuite(SuiteRunnerWorker.java:52)
at org.testng.SuiteRunnerWorker.run(SuiteRunnerWorker.java:84)
at org.testng.TestNG.runSuitesSequentially(TestNG.java:1208)
at org.testng.TestNG.runSuitesLocally(TestNG.java:1137)
at org.testng.TestNG.runSuites(TestNG.java:1049)
at org.testng.TestNG.run(TestNG.java:1017)
at org.testng.remote.AbstractRemoteTestNG.run(AbstractRemoteTestNG.java:114)
at org.testng.remote.RemoteTestNG.initAndRun(RemoteTestNG.java:251)
at org.testng.remote.RemoteTestNG.main(RemoteTestNG.java:77)
]]>
            </full-stacktrace>
          </exception> <!-- org.testng.SkipException -->
          <reporter-output>
          </reporter-output>
        </test-method> <!-- testSkip -->
        <test-method status="PASS" signature="generateReport(org.testng.ITestResult)[pri:0, instance:testcases.ExecuteTestThroughTestNG@262b2c86]" name="generateReport" is-config="true" duration-ms="1" started-at="2018-03-20T04:45:42Z" finished-at="2018-03-20T04:45:42Z">
          <params>
            <param index="0">
              <value>
                <![CDATA[[TestResult name=testSkip status=SKIP method=ExecuteTestThroughTestNG.testSkip()[pri:4, instance:testcases.ExecuteTestThroughTestNG@262b2c86] output={null}]]]>
              </value>
            </param>
          </params>
          <reporter-output>
          </reporter-output>
        </test-method> <!-- generateReport -->
        <test-method status="PASS" signature="tesrDown()[pri:0, instance:testcases.ExecuteTestThroughTestNG@262b2c86]" name="tesrDown" is-config="true" duration-ms="1207" started-at="2018-03-20T04:45:42Z" finished-at="2018-03-20T04:45:43Z">
          <reporter-output>
          </reporter-output>
        </test-method> <!-- tesrDown -->
      </class> <!-- testcases.ExecuteTestThroughTestNG -->
    </test> <!-- Test -->
  </suite> <!-- Suite -->
</testng-results>
